<?xml version="1.0" encoding="UTF-8"?>
<testsuite name="ch.zhaw.iwi.devops.demo.DemoApplicationTests" tests="1" skipped="0" failures="0" errors="0" timestamp="2024-05-09T06:46:03" hostname="HP-ANDRE" time="6.487">
  <properties/>
  <testcase name="contextLoads()" classname="ch.zhaw.iwi.devops.demo.DemoApplicationTests" time="6.487"/>
  <system-out><![CDATA[08:45:48.681 [Test worker] INFO org.springframework.test.context.support.AnnotationConfigContextLoaderUtils -- Could not detect default configuration classes for test class [ch.zhaw.iwi.devops.demo.DemoApplicationTests]: DemoApplicationTests does not declare any static, non-private, non-final, nested classes annotated with @Configuration.
08:45:50.500 [Test worker] INFO org.springframework.boot.test.context.SpringBootTestContextBootstrapper -- Found @SpringBootConfiguration ch.zhaw.iwi.devops.demo.DemoApplication for test class ch.zhaw.iwi.devops.demo.DemoApplicationTests

  .   ____          _            __ _ _
 /\\ / ___'_ __ _ _(_)_ __  __ _ \ \ \ \
( ( )\___ | '_ | '_| | '_ \/ _` | \ \ \ \
 \\/  ___)| |_)| | | | | || (_| |  ) ) ) )
  '  |____| .__|_| |_|_| |_\__, | / / / /
 =========|_|==============|___/=/_/_/_/
 :: Spring Boot ::                (v3.2.1)

2024-05-09T08:45:54.203+02:00  INFO 3520 --- [    Test worker] c.z.i.devops.demo.DemoApplicationTests   : Starting DemoApplicationTests using Java 21.0.2 with PID 3520 (started by Andrea in C:\Users\Andrea\OneDrive\Scuola\ZHAW\Semester_2\DevOps\Woche10-ContinuousIntegration\Maddeand_DevOpsDemo\backend)
2024-05-09T08:45:54.222+02:00  INFO 3520 --- [    Test worker] c.z.i.devops.demo.DemoApplicationTests   : No active profile set, falling back to 1 default profile: "default"
2024-05-09T08:46:03.282+02:00  INFO 3520 --- [    Test worker] c.z.i.devops.demo.DemoApplicationTests   : Started DemoApplicationTests in 11.322 seconds (process running for 27.234)
Init Data
]]></system-out>
  <system-err><![CDATA[WARNING: A Java agent has been loaded dynamically (C:\Users\Andrea\.gradle\caches\modules-2\files-2.1\net.bytebuddy\byte-buddy-agent\1.14.10\90ed94ac044ea8953b224304c762316e91fd6b31\byte-buddy-agent-1.14.10.jar)
WARNING: If a serviceability tool is in use, please run with -XX:+EnableDynamicAgentLoading to hide this warning
WARNING: If a serviceability tool is not in use, please run with -Djdk.instrument.traceUsage for more information
WARNING: Dynamic loading of agents will be disallowed by default in a future release
]]></system-err>
</testsuite>
