<?xml version="1.0" encoding="UTF-8"?>
<testsuite name="ch.zhaw.iwi.devops.demo.ToDoTest" tests="1" skipped="0" failures="0" errors="0" timestamp="2024-05-09T06:46:09" hostname="HP-ANDRE" time="0.011">
  <properties/>
  <testcase name="testToDo()" classname="ch.zhaw.iwi.devops.demo.ToDoTest" time="0.011"/>
  <system-out><![CDATA[]]></system-out>
  <system-err><![CDATA[]]></system-err>
</testsuite>
