<?xml version="1.0" encoding="UTF-8"?>
<testsuite name="ch.zhaw.iwi.devops.fizzbuzz.FizzBuzzConverterTest" tests="6" skipped="0" failures="0" errors="0" timestamp="2024-05-09T06:46:10" hostname="HP-ANDRE" time="0.051">
  <properties/>
  <testcase name="fizzBuzzConverter1()" classname="ch.zhaw.iwi.devops.fizzbuzz.FizzBuzzConverterTest" time="0.013"/>
  <testcase name="fizzBuzzConvertor2()" classname="ch.zhaw.iwi.devops.fizzbuzz.FizzBuzzConverterTest" time="0.003"/>
  <testcase name="fizzBuzzConvertor3()" classname="ch.zhaw.iwi.devops.fizzbuzz.FizzBuzzConverterTest" time="0.003"/>
  <testcase name="fizzBuzzConvertorMultiplesOfThreeAndSeven()" classname="ch.zhaw.iwi.devops.fizzbuzz.FizzBuzzConverterTest" time="0.01"/>
  <testcase name="fizzBuzzConvertorMultiplesOfSeven()" classname="ch.zhaw.iwi.devops.fizzbuzz.FizzBuzzConverterTest" time="0.003"/>
  <testcase name="fizzBuzzConvertorMultiplesOfThree()" classname="ch.zhaw.iwi.devops.fizzbuzz.FizzBuzzConverterTest" time="0.004"/>
  <system-out><![CDATA[]]></system-out>
  <system-err><![CDATA[]]></system-err>
</testsuite>
